<?xml version="1.0" encoding="UTF-8"?>
<testng-results skipped="0" failed="0" ignored="0" total="1" passed="1">
  <reporter-output>
  </reporter-output>
  <suite name="Default suite" duration-ms="38636" started-at="2019-01-20T16:51:30Z" finished-at="2019-01-20T16:52:08Z">
    <groups>
    </groups>
    <test name="Default test" duration-ms="38636" started-at="2019-01-20T16:51:30Z" finished-at="2019-01-20T16:52:08Z">
      <class name="homepage.Tc001custemer_registration">
        <test-method status="PASS" signature="beforeTest()[pri:0, instance:homepage.Tc001custemer_registration@74ad1f1f]" name="beforeTest" is-config="true" duration-ms="20319" started-at="2019-01-20T16:51:30Z" finished-at="2019-01-20T16:51:50Z">
          <reporter-output>
          </reporter-output>
        </test-method> <!-- beforeTest -->
        <test-method status="PASS" signature="f()[pri:0, instance:homepage.Tc001custemer_registration@74ad1f1f]" name="f" duration-ms="18266" started-at="2019-01-20T16:51:50Z" finished-at="2019-01-20T16:52:08Z">
          <reporter-output>
          </reporter-output>
        </test-method> <!-- f -->
      </class> <!-- homepage.Tc001custemer_registration -->
    </test> <!-- Default test -->
  </suite> <!-- Default suite -->
</testng-results>
